# JRE version: OpenJDK Runtime Environment Microsoft-8035246 (17.0.8+7) (build 17.0.8+7-LTS)
# Java VM: OpenJDK 64-Bit Server VM Microsoft-8035246 (17.0.8+7-LTS, mixed mode, sharing, tiered, compressed oops, compressed class ptrs, g1 gc, windows-amd64)
GC Precious Log:
 CPUs: 8 total, 8 available
 Memory: 7987M
 Large Page Support: Disabled
 NUMA Support: Disabled
 Compressed Oops: Enabled (32-bit)
 Heap Region Size: 1M
 Heap Min Capacity: 8M
 Heap Initial Capacity: 126M
 Heap Max Capacity: 2G
 Pre-touch: Disabled
 Parallel Workers: 8
 Concurrent Workers: 2
 Concurrent Refinement Workers: 8
 Periodic GC: Disabled
Heap:
 garbage-first heap   total 354304K, used 235422K [0x0000000080000000, 0x0000000100000000)
  region size 1024K, 67 young (68608K), 9 survivors (9216K)
 Metaspace       used 105264K, committed 106240K, reserved 557056K
  class space    used 14602K, committed 15040K, reserved 425984K
GC Heap History (20 events):
Event: 33.215 GC heap before
{Heap before GC invocations=49 (full 0):
 garbage-first heap   total 177152K, used 95127K [0x0000000080000000, 0x0000000100000000)
  region size 1024K, 8 young (8192K), 6 survivors (6144K)
 Metaspace       used 82506K, committed 83264K, reserved 557056K
  class space    used 11437K, committed 11776K, reserved 425984K
}
Event: 33.221 GC heap after
{Heap after GC invocations=50 (full 0):
 garbage-first heap   total 177152K, used 93453K [0x0000000080000000, 0x0000000100000000)
  region size 1024K, 1 young (1024K), 1 survivors (1024K)
 Metaspace       used 82506K, committed 83264K, reserved 557056K
  class space    used 11437K, committed 11776K, reserved 425984K
}
Event: 33.943 GC heap before
{Heap before GC invocations=50 (full 0):
 garbage-first heap   total 177152K, used 139533K [0x0000000080000000, 0x0000000100000000)
  region size 1024K, 46 young (47104K), 1 survivors (1024K)
 Metaspace       used 85086K, committed 85824K, reserved 557056K
  class space    used 11802K, committed 12160K, reserved 425984K
}
Event: 33.947 GC heap after
{Heap after GC invocations=51 (full 0):
 garbage-first heap   total 177152K, used 95055K [0x0000000080000000, 0x0000000100000000)
  region size 1024K, 3 young (3072K), 3 survivors (3072K)
 Metaspace       used 85086K, committed 85824K, reserved 557056K
  class space    used 11802K, committed 12160K, reserved 425984K
}
Event: 34.914 GC heap before
{Heap before GC invocations=52 (full 0):
 garbage-first heap   total 177152K, used 141135K [0x0000000080000000, 0x0000000100000000)
  region size 1024K, 48 young (49152K), 3 survivors (3072K)
 Metaspace       used 88251K, committed 88960K, reserved 557056K
  class space    used 12409K, committed 12736K, reserved 425984K
}
Event: 34.918 GC heap after
{Heap after GC invocations=53 (full 0):
 garbage-first heap   total 177152K, used 96090K [0x0000000080000000, 0x0000000100000000)
  region size 1024K, 4 young (4096K), 4 survivors (4096K)
 Metaspace       used 88251K, committed 88960K, reserved 557056K
  class space    used 12409K, committed 12736K, reserved 425984K
}
Event: 34.997 GC heap before
{Heap before GC invocations=53 (full 0):
 garbage-first heap   total 177152K, used 100186K [0x0000000080000000, 0x0000000100000000)
  region size 1024K, 8 young (8192K), 4 survivors (4096K)
 Metaspace       used 88525K, committed 89280K, reserved 557056K
  class space    used 12443K, committed 12800K, reserved 425984K
}
Event: 35.001 GC heap after
{Heap after GC invocations=54 (full 0):
 garbage-first heap   total 177152K, used 96369K [0x0000000080000000, 0x0000000100000000)
  region size 1024K, 1 young (1024K), 1 survivors (1024K)
 Metaspace       used 88525K, committed 89280K, reserved 557056K
  class space    used 12443K, committed 12800K, reserved 425984K
}
Event: 35.920 GC heap before
{Heap before GC invocations=54 (full 0):
 garbage-first heap   total 177152K, used 143473K [0x0000000080000000, 0x0000000100000000)
  region size 1024K, 47 young (48128K), 1 survivors (1024K)
 Metaspace       used 91104K, committed 91968K, reserved 557056K
  class space    used 12804K, committed 13184K, reserved 425984K
}
Event: 35.926 GC heap after
{Heap after GC invocations=55 (full 0):
 garbage-first heap   total 354304K, used 99374K [0x0000000080000000, 0x0000000100000000)
  region size 1024K, 4 young (4096K), 4 survivors (4096K)
 Metaspace       used 91104K, committed 91968K, reserved 557056K
  class space    used 12804K, committed 13184K, reserved 425984K
}
Event: 40.189 GC heap before
{Heap before GC invocations=55 (full 0):
 garbage-first heap   total 354304K, used 271406K [0x0000000080000000, 0x0000000100000000)
  region size 1024K, 167 young (171008K), 4 survivors (4096K)
 Metaspace       used 98699K, committed 99648K, reserved 557056K
  class space    used 13833K, committed 14272K, reserved 425984K
}
Event: 40.282 GC heap after
{Heap after GC invocations=56 (full 0):
 garbage-first heap   total 354304K, used 128473K [0x0000000080000000, 0x0000000100000000)
  region size 1024K, 21 young (21504K), 21 survivors (21504K)
 Metaspace       used 98699K, committed 99648K, reserved 557056K
  class space    used 13833K, committed 14272K, reserved 425984K
}
Event: 42.656 GC heap before
{Heap before GC invocations=56 (full 0):
 garbage-first heap   total 354304K, used 248281K [0x0000000080000000, 0x0000000100000000)
  region size 1024K, 138 young (141312K), 21 survivors (21504K)
 Metaspace       used 102387K, committed 103296K, reserved 557056K
  class space    used 14352K, committed 14784K, reserved 425984K
}
Event: 42.680 GC heap after
{Heap after GC invocations=57 (full 0):
 garbage-first heap   total 354304K, used 141658K [0x0000000080000000, 0x0000000100000000)
  region size 1024K, 12 young (12288K), 12 survivors (12288K)
 Metaspace       used 102387K, committed 103296K, reserved 557056K
  class space    used 14352K, committed 14784K, reserved 425984K
}
Event: 44.800 GC heap before
{Heap before GC invocations=57 (full 0):
 garbage-first heap   total 354304K, used 259418K [0x0000000080000000, 0x0000000100000000)
  region size 1024K, 128 young (131072K), 12 survivors (12288K)
 Metaspace       used 103130K, committed 104064K, reserved 557056K
  class space    used 14417K, committed 14848K, reserved 425984K
}
Event: 44.827 GC heap after
{Heap after GC invocations=58 (full 0):
 garbage-first heap   total 354304K, used 150538K [0x0000000080000000, 0x0000000100000000)
  region size 1024K, 9 young (9216K), 9 survivors (9216K)
 Metaspace       used 103130K, committed 104064K, reserved 557056K
  class space    used 14417K, committed 14848K, reserved 425984K
}
Event: 46.606 GC heap before
{Heap before GC invocations=58 (full 0):
 garbage-first heap   total 354304K, used 294922K [0x0000000080000000, 0x0000000100000000)
  region size 1024K, 127 young (130048K), 9 survivors (9216K)
 Metaspace       used 103437K, committed 104448K, reserved 557056K
  class space    used 14437K, committed 14912K, reserved 425984K
}
Event: 46.627 GC heap after
{Heap after GC invocations=59 (full 0):
 garbage-first heap   total 354304K, used 159907K [0x0000000080000000, 0x0000000100000000)
  region size 1024K, 16 young (16384K), 16 survivors (16384K)
 Metaspace       used 103437K, committed 104448K, reserved 557056K
  class space    used 14437K, committed 14912K, reserved 425984K
}
Event: 47.877 GC heap before
{Heap before GC invocations=59 (full 0):
 garbage-first heap   total 354304K, used 289955K [0x0000000080000000, 0x0000000100000000)
  region size 1024K, 132 young (135168K), 16 survivors (16384K)
 Metaspace       used 103783K, committed 104704K, reserved 557056K
  class space    used 14483K, committed 14912K, reserved 425984K
}
Event: 47.902 GC heap after
{Heap after GC invocations=60 (full 0):
 garbage-first heap   total 354304K, used 168862K [0x0000000080000000, 0x0000000100000000)
  region size 1024K, 9 young (9216K), 9 survivors (9216K)
 Metaspace       used 103783K, committed 104704K, reserved 557056K
  class space    used 14483K, committed 14912K, reserved 425984K
}

